<?xml version="1.0" encoding="UTF-8"?>
<!-- Generated by org.testng.reporters.JUnitXMLReporter -->
<testsuite ignored="0" hostname="BA-000311899" failures="0" tests="4" name="Default test" time="0.487" errors="0" timestamp="2023-11-16T14:56:32 IST">
  <testcase classname="TestNG_FrameWork.DataProvider" name="test1" time="0.167"/>
  <testcase classname="TestNG_FrameWork.DataProvider" name="test1" time="0.004"/>
  <testcase classname="TestNG_FrameWork.DataProvider" name="test1" time="0.01"/>
  <testcase classname="TestNG_FrameWork.DataProvider" name="test2" time="0.008"/>
</testsuite> <!-- Default test -->
