<?xml version="1.0" encoding="UTF-8"?>
<!-- Generated by org.testng.reporters.JUnitXMLReporter -->
<testsuite ignored="13" hostname="BA-000311899" failures="0" tests="6" name="Smoke" time="0.243" errors="0" timestamp="2023-11-16T09:16:32 IST">
  <testcase classname="TestNG_FrameWork.Test2" name="test5" time="0.075"/>
  <testcase classname="TestNG_FrameWork.Test1" name="test3" time="0.004"/>
  <testcase classname="TestNG_FrameWork.Groups" name="tes1" time="0.003"/>
  <testcase classname="TestNG_FrameWork.Groups" name="tes2" time="0.002"/>
  <testcase classname="TestNG_FrameWork.Groups" name="tes3" time="0.004"/>
  <testcase classname="TestNG_FrameWork.Groups" name="tes4" time="0.005"/>
  <testcase classname="TestNG_FrameWork.BeforeMethod_AfterMethod" name="tes3" time="0.0">
    <ignored/>
  </testcase> <!-- tes3 -->
  <testcase classname="TestNG_FrameWork.BeforeMethod_AfterMethod" name="tes2" time="0.0">
    <ignored/>
  </testcase> <!-- tes2 -->
  <testcase classname="TestNG_FrameWork.BeforeMethod_AfterMethod" name="tes4" time="0.0">
    <ignored/>
  </testcase> <!-- tes4 -->
  <testcase classname="TestNG_FrameWork.BeforeClass_AfterClass" name="tes1" time="0.0">
    <ignored/>
  </testcase> <!-- tes1 -->
  <testcase classname="TestNG_FrameWork.Test2" name="test6" time="0.0">
    <ignored/>
  </testcase> <!-- test6 -->
  <testcase classname="TestNG_FrameWork.BeforeClass_AfterClass" name="tes4" time="0.0">
    <ignored/>
  </testcase> <!-- tes4 -->
  <testcase classname="TestNG_FrameWork.Test1" name="test1" time="0.0">
    <ignored/>
  </testcase> <!-- test1 -->
  <testcase classname="TestNG_FrameWork.BeforeClass_AfterClass" name="tes2" time="0.0">
    <ignored/>
  </testcase> <!-- tes2 -->
  <testcase classname="TestNG_FrameWork.BeforeClass_AfterClass" name="tes3" time="0.0">
    <ignored/>
  </testcase> <!-- tes3 -->
  <testcase classname="TestNG_FrameWork.Test2" name="test4" time="0.0">
    <ignored/>
  </testcase> <!-- test4 -->
  <testcase classname="TestNG_FrameWork.BeforeMethod_AfterMethod" name="tes1" time="0.0">
    <ignored/>
  </testcase> <!-- tes1 -->
  <testcase classname="TestNG_FrameWork.Test1" name="test2" time="0.0">
    <ignored/>
  </testcase> <!-- test2 -->
  <testcase classname="TestNG_FrameWork.Testng_Annotations_Sequence" name="test" time="0.0">
    <ignored/>
  </testcase> <!-- test -->
</testsuite> <!-- Smoke -->
