<?xml version="1.0" encoding="UTF-8"?>
<!-- Generated by org.testng.reporters.JUnitXMLReporter -->
<testsuite ignored="0" hostname="BA-000311899" failures="0" tests="6" name="Test1" time="0.307" errors="0" timestamp="2023-11-16T08:29:07 IST">
  <testcase classname="TestNG_FrameWork.Test1" name="test1" time="0.097"/>
  <testcase classname="TestNG_FrameWork.Test1" name="test2" time="0.004"/>
  <testcase classname="TestNG_FrameWork.Test1" name="test3" time="0.006"/>
  <testcase classname="TestNG_FrameWork.Test2" name="test6" time="0.005"/>
  <testcase classname="TestNG_FrameWork.Test2" name="test4" time="0.003"/>
  <testcase classname="TestNG_FrameWork.Test2" name="test5" time="0.002"/>
</testsuite> <!-- Test1 -->
