<?xml version="1.0" encoding="UTF-8"?>
<testng-results ignored="0" total="1" passed="1" failed="0" skipped="0">
  <reporter-output>
  </reporter-output>
  <suite started-at="2023-11-09T19:25:24 IST" name="Default suite" finished-at="2023-11-09T19:25:31 IST" duration-ms="7011">
    <groups>
    </groups>
    <test started-at="2023-11-09T19:25:24 IST" name="Default test" finished-at="2023-11-09T19:25:31 IST" duration-ms="7011">
      <class name="InsecureHTTPS_Handle.InsecureWindow_Handling">
        <test-method is-config="true" signature="launchApplication()[pri:0, instance:InsecureHTTPS_Handle.InsecureWindow_Handling@2ef14fe]" started-at="2023-11-09T19:25:24 IST" name="launchApplication" finished-at="2023-11-09T19:25:29 IST" duration-ms="4959" status="PASS">
          <reporter-output>
          </reporter-output>
        </test-method> <!-- launchApplication -->
        <test-method signature="insecure()[pri:0, instance:InsecureHTTPS_Handle.InsecureWindow_Handling@2ef14fe]" started-at="2023-11-09T19:25:29 IST" name="insecure" finished-at="2023-11-09T19:25:31 IST" duration-ms="1811" status="PASS">
          <reporter-output>
          </reporter-output>
        </test-method> <!-- insecure -->
      </class> <!-- InsecureHTTPS_Handle.InsecureWindow_Handling -->
    </test> <!-- Default test -->
  </suite> <!-- Default suite -->
</testng-results>
